Lab7_GraphicsLab/app/build/intermediates/manifest_merge_blame_file/debug/manifest-merger-blame-debug-report.txt
1<?xml version="1.0" encoding="utf-8"?>
2<manifest xmlns:android="http://schemas.android.com/apk/res/android"
3    package="course.labs.graphicslab"
4    android:versionCode="1"
5    android:versionName="1.0" >
6
7    <uses-sdk
7-->src\main\AndroidManifest.xml:7:5-9:41
8        android:minSdkVersion="21"
8-->src\main\AndroidManifest.xml:8:9-35
9        android:targetSdkVersion="29" />
9-->src\main\AndroidManifest.xml:9:9-38
10
11    <application
11-->src\main\AndroidManifest.xml:11:5-26:19
12        android:allowBackup="false"
12-->src\main\AndroidManifest.xml:12:9-36
13        android:debuggable="true"
14        android:icon="@drawable/ic_launcher"
14-->src\main\AndroidManifest.xml:13:9-45
15        android:label="@string/app_name"
15-->src\main\AndroidManifest.xml:14:9-41
16        android:testOnly="true" >
17        <activity
17-->src\main\AndroidManifest.xml:16:9-25:20
18            android:name="course.labs.graphicslab.BubbleActivity"
18-->src\main\AndroidManifest.xml:17:13-43
19            android:label="@string/app_name"
19-->src\main\AndroidManifest.xml:18:13-45
20            android:theme="@android:style/Theme.NoTitleBar.Fullscreen" >
20-->src\main\AndroidManifest.xml:19:13-71
21            <intent-filter>
21-->src\main\AndroidManifest.xml:20:13-24:29
22                <action android:name="android.intent.action.MAIN" />
22-->src\main\AndroidManifest.xml:21:17-69
22-->src\main\AndroidManifest.xml:21:25-66
23
24                <category android:name="android.intent.category.LAUNCHER" />
24-->src\main\AndroidManifest.xml:23:17-77
24-->src\main\AndroidManifest.xml:23:27-74
25            </intent-filter>
26        </activity>
27    </application>
28
29</manifest>